[1.348s] Invoking command in '/home/nx/nx_ws/src/map_maker': PYTHONPATH=/home/nx/nx_ws/src/map_maker/build/map_maker/prefix_override:/usr/lib/python3/dist-packages/colcon_core/task/python/colcon_distutils_commands:/home/nx/nx_ws/src/map_maker/install/map_maker/lib/python3.10/site-packages:${PYTHONPATH} /usr/bin/python3 -W ignore:setup.py install is deprecated -W ignore:easy_install command is deprecated setup.py egg_info --egg-base build/map_maker build --build-base /home/nx/nx_ws/src/map_maker/build/map_maker/build install --record /home/nx/nx_ws/src/map_maker/build/map_maker/install.log --single-version-externally-managed install_data
[1.874s] running egg_info
[1.875s] writing build/map_maker/map_maker.egg-info/PKG-INFO
[1.876s] writing dependency_links to build/map_maker/map_maker.egg-info/dependency_links.txt
[1.877s] writing entry points to build/map_maker/map_maker.egg-info/entry_points.txt
[1.877s] writing requirements to build/map_maker/map_maker.egg-info/requires.txt
[1.877s] writing top-level names to build/map_maker/map_maker.egg-info/top_level.txt
[1.880s] reading manifest file 'build/map_maker/map_maker.egg-info/SOURCES.txt'
[1.882s] writing manifest file 'build/map_maker/map_maker.egg-info/SOURCES.txt'
[1.882s] running build
[1.883s] running build_py
[1.883s] running install
[1.884s] running install_lib
[1.886s] running install_data
[1.887s] copying resource/map_maker.launch.py -> /home/nx/nx_ws/src/map_maker/install/map_maker/share/map_maker
[1.887s] running install_egg_info
[1.890s] removing '/home/nx/nx_ws/src/map_maker/install/map_maker/lib/python3.10/site-packages/map_maker-0.0.1-py3.10.egg-info' (and everything under it)
[1.891s] Copying build/map_maker/map_maker.egg-info to /home/nx/nx_ws/src/map_maker/install/map_maker/lib/python3.10/site-packages/map_maker-0.0.1-py3.10.egg-info
[1.893s] running install_scripts
[1.937s] Installing map_maker script to /home/nx/nx_ws/src/map_maker/install/map_maker/lib/map_maker
[1.937s] writing list of installed files to '/home/nx/nx_ws/src/map_maker/build/map_maker/install.log'
[2.006s] Invoked command in '/home/nx/nx_ws/src/map_maker' returned '0': PYTHONPATH=/home/nx/nx_ws/src/map_maker/build/map_maker/prefix_override:/usr/lib/python3/dist-packages/colcon_core/task/python/colcon_distutils_commands:/home/nx/nx_ws/src/map_maker/install/map_maker/lib/python3.10/site-packages:${PYTHONPATH} /usr/bin/python3 -W ignore:setup.py install is deprecated -W ignore:easy_install command is deprecated setup.py egg_info --egg-base build/map_maker build --build-base /home/nx/nx_ws/src/map_maker/build/map_maker/build install --record /home/nx/nx_ws/src/map_maker/build/map_maker/install.log --single-version-externally-managed install_data
