running egg_info
creating build/map_maker/map_maker.egg-info
writing build/map_maker/map_maker.egg-info/PKG-INFO
writing dependency_links to build/map_maker/map_maker.egg-info/dependency_links.txt
writing requirements to build/map_maker/map_maker.egg-info/requires.txt
writing top-level names to build/map_maker/map_maker.egg-info/top_level.txt
writing manifest file 'build/map_maker/map_maker.egg-info/SOURCES.txt'
reading manifest file 'build/map_maker/map_maker.egg-info/SOURCES.txt'
writing manifest file 'build/map_maker/map_maker.egg-info/SOURCES.txt'
running build
running build_py
creating /home/nx/nx_ws/src/map_maker/build/map_maker/build
creating /home/nx/nx_ws/src/map_maker/build/map_maker/build/lib
creating /home/nx/nx_ws/src/map_maker/build/map_maker/build/lib/map_maker
copying map_maker/map_maker.py -> /home/nx/nx_ws/src/map_maker/build/map_maker/build/lib/map_maker
copying map_maker/__init__.py -> /home/nx/nx_ws/src/map_maker/build/map_maker/build/lib/map_maker
running install
running install_lib
creating /home/nx/nx_ws/src/map_maker/install/map_maker/lib/python3.10/site-packages/map_maker
copying /home/nx/nx_ws/src/map_maker/build/map_maker/build/lib/map_maker/map_maker.py -> /home/nx/nx_ws/src/map_maker/install/map_maker/lib/python3.10/site-packages/map_maker
copying /home/nx/nx_ws/src/map_maker/build/map_maker/build/lib/map_maker/__init__.py -> /home/nx/nx_ws/src/map_maker/install/map_maker/lib/python3.10/site-packages/map_maker
byte-compiling /home/nx/nx_ws/src/map_maker/install/map_maker/lib/python3.10/site-packages/map_maker/map_maker.py to map_maker.cpython-310.pyc
byte-compiling /home/nx/nx_ws/src/map_maker/install/map_maker/lib/python3.10/site-packages/map_maker/__init__.py to __init__.cpython-310.pyc
running install_egg_info
Copying build/map_maker/map_maker.egg-info to /home/nx/nx_ws/src/map_maker/install/map_maker/lib/python3.10/site-packages/map_maker-0.0.1-py3.10.egg-info
running install_scripts
writing list of installed files to '/home/nx/nx_ws/src/map_maker/build/map_maker/install.log'
