[1.075s] Invoking command in '/home/nx/nx_ws/src/vlm_node': PYTHONPATH=/home/nx/nx_ws/src/vlm_node/build/vlm_node/prefix_override:/usr/lib/python3/dist-packages/colcon_core/task/python/colcon_distutils_commands:/home/nx/nx_ws/src/vlm_node/install/vlm_node/lib/python3.10/site-packages: /usr/bin/python3 -W ignore:setup.py install is deprecated -W ignore:easy_install command is deprecated setup.py egg_info --egg-base build/vlm_node build --build-base /home/nx/nx_ws/src/vlm_node/build/vlm_node/build install --record /home/nx/nx_ws/src/vlm_node/build/vlm_node/install.log --single-version-externally-managed install_data
[1.463s] running egg_info
[1.464s] creating build/vlm_node/vlm_node.egg-info
[1.465s] writing build/vlm_node/vlm_node.egg-info/PKG-INFO
[1.466s] writing dependency_links to build/vlm_node/vlm_node.egg-info/dependency_links.txt
[1.466s] writing entry points to build/vlm_node/vlm_node.egg-info/entry_points.txt
[1.466s] writing requirements to build/vlm_node/vlm_node.egg-info/requires.txt
[1.466s] writing top-level names to build/vlm_node/vlm_node.egg-info/top_level.txt
[1.467s] writing manifest file 'build/vlm_node/vlm_node.egg-info/SOURCES.txt'
[1.469s] reading manifest file 'build/vlm_node/vlm_node.egg-info/SOURCES.txt'
[1.470s] writing manifest file 'build/vlm_node/vlm_node.egg-info/SOURCES.txt'
[1.471s] running build
[1.471s] running build_py
[1.472s] creating /home/nx/nx_ws/src/vlm_node/build/vlm_node/build
[1.472s] creating /home/nx/nx_ws/src/vlm_node/build/vlm_node/build/lib
[1.472s] creating /home/nx/nx_ws/src/vlm_node/build/vlm_node/build/lib/vlm_node
[1.472s] copying vlm_node/vlm_node.py -> /home/nx/nx_ws/src/vlm_node/build/vlm_node/build/lib/vlm_node
[1.473s] copying vlm_node/__init__.py -> /home/nx/nx_ws/src/vlm_node/build/vlm_node/build/lib/vlm_node
[1.473s] running install
[1.473s] running install_lib
[1.474s] creating /home/nx/nx_ws/src/vlm_node/install/vlm_node/lib/python3.10/site-packages/vlm_node
[1.474s] copying /home/nx/nx_ws/src/vlm_node/build/vlm_node/build/lib/vlm_node/vlm_node.py -> /home/nx/nx_ws/src/vlm_node/install/vlm_node/lib/python3.10/site-packages/vlm_node
[1.474s] copying /home/nx/nx_ws/src/vlm_node/build/vlm_node/build/lib/vlm_node/__init__.py -> /home/nx/nx_ws/src/vlm_node/install/vlm_node/lib/python3.10/site-packages/vlm_node
[1.476s] byte-compiling /home/nx/nx_ws/src/vlm_node/install/vlm_node/lib/python3.10/site-packages/vlm_node/vlm_node.py to vlm_node.cpython-310.pyc
[1.479s]   File "/home/nx/nx_ws/src/vlm_node/install/vlm_node/lib/python3.10/site-packages/vlm_node/vlm_node.py", line 347
[1.479s]     r'^\s*search\s*\(\s*(?:(?:
[1.479s]     ^
[1.480s] SyntaxError: unterminated string literal (detected at line 347)
[1.480s] 
[1.480s] byte-compiling /home/nx/nx_ws/src/vlm_node/install/vlm_node/lib/python3.10/site-packages/vlm_node/__init__.py to __init__.cpython-310.pyc
[1.481s] running install_data
[1.481s] creating /home/nx/nx_ws/src/vlm_node/install/vlm_node/share/ament_index
[1.481s] creating /home/nx/nx_ws/src/vlm_node/install/vlm_node/share/ament_index/resource_index
[1.481s] creating /home/nx/nx_ws/src/vlm_node/install/vlm_node/share/ament_index/resource_index/packages
[1.482s] copying resource/vlm_node -> /home/nx/nx_ws/src/vlm_node/install/vlm_node/share/ament_index/resource_index/packages
[1.482s] copying package.xml -> /home/nx/nx_ws/src/vlm_node/install/vlm_node/share/vlm_node
[1.482s] creating /home/nx/nx_ws/src/vlm_node/install/vlm_node/share/vlm_node/launch
[1.482s] creating /home/nx/nx_ws/src/vlm_node/install/vlm_node/share/vlm_node/config
[1.482s] running install_egg_info
[1.483s] Copying build/vlm_node/vlm_node.egg-info to /home/nx/nx_ws/src/vlm_node/install/vlm_node/lib/python3.10/site-packages/vlm_node-0.1.0-py3.10.egg-info
[1.485s] running install_scripts
[1.527s] Installing vlm_node script to /home/nx/nx_ws/src/vlm_node/install/vlm_node/bin
[1.527s] writing list of installed files to '/home/nx/nx_ws/src/vlm_node/build/vlm_node/install.log'
[1.591s] Invoked command in '/home/nx/nx_ws/src/vlm_node' returned '0': PYTHONPATH=/home/nx/nx_ws/src/vlm_node/build/vlm_node/prefix_override:/usr/lib/python3/dist-packages/colcon_core/task/python/colcon_distutils_commands:/home/nx/nx_ws/src/vlm_node/install/vlm_node/lib/python3.10/site-packages: /usr/bin/python3 -W ignore:setup.py install is deprecated -W ignore:easy_install command is deprecated setup.py egg_info --egg-base build/vlm_node build --build-base /home/nx/nx_ws/src/vlm_node/build/vlm_node/build install --record /home/nx/nx_ws/src/vlm_node/build/vlm_node/install.log --single-version-externally-managed install_data
