running egg_info
writing build/vlm_node/vlm_node.egg-info/PKG-INFO
writing dependency_links to build/vlm_node/vlm_node.egg-info/dependency_links.txt
writing entry points to build/vlm_node/vlm_node.egg-info/entry_points.txt
writing requirements to build/vlm_node/vlm_node.egg-info/requires.txt
writing top-level names to build/vlm_node/vlm_node.egg-info/top_level.txt
reading manifest file 'build/vlm_node/vlm_node.egg-info/SOURCES.txt'
writing manifest file 'build/vlm_node/vlm_node.egg-info/SOURCES.txt'
running build
running build_py
copying vlm_node/vlm_node.py -> /home/nx/nx_ws/src/vlm_node/build/vlm_node/build/lib/vlm_node
running install
running install_lib
copying /home/nx/nx_ws/src/vlm_node/build/vlm_node/build/lib/vlm_node/vlm_node.py -> /home/nx/nx_ws/src/vlm_node/install/vlm_node/lib/python3.10/site-packages/vlm_node
byte-compiling /home/nx/nx_ws/src/vlm_node/install/vlm_node/lib/python3.10/site-packages/vlm_node/vlm_node.py to vlm_node.cpython-310.pyc
running install_data
running install_egg_info
removing '/home/nx/nx_ws/src/vlm_node/install/vlm_node/lib/python3.10/site-packages/vlm_node-0.1.0-py3.10.egg-info' (and everything under it)
Copying build/vlm_node/vlm_node.egg-info to /home/nx/nx_ws/src/vlm_node/install/vlm_node/lib/python3.10/site-packages/vlm_node-0.1.0-py3.10.egg-info
running install_scripts
Installing vlm_node script to /home/nx/nx_ws/src/vlm_node/install/vlm_node/bin
writing list of installed files to '/home/nx/nx_ws/src/vlm_node/build/vlm_node/install.log'
