[1.050s] Invoking command in '/home/nx/nx_ws/src/vlm_node': PYTHONPATH=/home/nx/nx_ws/src/vlm_node/build/vlm_node/prefix_override:/usr/lib/python3/dist-packages/colcon_core/task/python/colcon_distutils_commands:/home/nx/nx_ws/src/vlm_node/install/vlm_node/lib/python3.10/site-packages: /usr/bin/python3 -W ignore:setup.py install is deprecated -W ignore:easy_install command is deprecated setup.py egg_info --egg-base build/vlm_node build --build-base /home/nx/nx_ws/src/vlm_node/build/vlm_node/build install --record /home/nx/nx_ws/src/vlm_node/build/vlm_node/install.log --single-version-externally-managed install_data
[1.437s] running egg_info
[1.438s] writing build/vlm_node/vlm_node.egg-info/PKG-INFO
[1.439s] writing dependency_links to build/vlm_node/vlm_node.egg-info/dependency_links.txt
[1.439s] writing entry points to build/vlm_node/vlm_node.egg-info/entry_points.txt
[1.439s] writing requirements to build/vlm_node/vlm_node.egg-info/requires.txt
[1.440s] writing top-level names to build/vlm_node/vlm_node.egg-info/top_level.txt
[1.443s] reading manifest file 'build/vlm_node/vlm_node.egg-info/SOURCES.txt'
[1.444s] writing manifest file 'build/vlm_node/vlm_node.egg-info/SOURCES.txt'
[1.444s] running build
[1.445s] running build_py
[1.445s] copying vlm_node/vlm_node.py -> /home/nx/nx_ws/src/vlm_node/build/vlm_node/build/lib/vlm_node
[1.445s] running install
[1.446s] running install_lib
[1.447s] copying /home/nx/nx_ws/src/vlm_node/build/vlm_node/build/lib/vlm_node/vlm_node.py -> /home/nx/nx_ws/src/vlm_node/install/vlm_node/lib/python3.10/site-packages/vlm_node
[1.449s] byte-compiling /home/nx/nx_ws/src/vlm_node/install/vlm_node/lib/python3.10/site-packages/vlm_node/vlm_node.py to vlm_node.cpython-310.pyc
[1.453s] running install_data
[1.453s] running install_egg_info
[1.456s] removing '/home/nx/nx_ws/src/vlm_node/install/vlm_node/lib/python3.10/site-packages/vlm_node-0.1.0-py3.10.egg-info' (and everything under it)
[1.457s] Copying build/vlm_node/vlm_node.egg-info to /home/nx/nx_ws/src/vlm_node/install/vlm_node/lib/python3.10/site-packages/vlm_node-0.1.0-py3.10.egg-info
[1.459s] running install_scripts
[1.499s] Installing vlm_node script to /home/nx/nx_ws/src/vlm_node/install/vlm_node/bin
[1.500s] writing list of installed files to '/home/nx/nx_ws/src/vlm_node/build/vlm_node/install.log'
[1.564s] Invoked command in '/home/nx/nx_ws/src/vlm_node' returned '0': PYTHONPATH=/home/nx/nx_ws/src/vlm_node/build/vlm_node/prefix_override:/usr/lib/python3/dist-packages/colcon_core/task/python/colcon_distutils_commands:/home/nx/nx_ws/src/vlm_node/install/vlm_node/lib/python3.10/site-packages: /usr/bin/python3 -W ignore:setup.py install is deprecated -W ignore:easy_install command is deprecated setup.py egg_info --egg-base build/vlm_node build --build-base /home/nx/nx_ws/src/vlm_node/build/vlm_node/build install --record /home/nx/nx_ws/src/vlm_node/build/vlm_node/install.log --single-version-externally-managed install_data
