[1.379s] Invoking command in '/home/nx/nx_ws/src/map_maker': PYTHONPATH=/home/nx/nx_ws/src/map_maker/build/map_maker/prefix_override:/usr/lib/python3/dist-packages/colcon_core/task/python/colcon_distutils_commands:/home/nx/nx_ws/src/map_maker/install/map_maker/lib/python3.10/site-packages:${PYTHONPATH} /usr/bin/python3 -W ignore:setup.py install is deprecated -W ignore:easy_install command is deprecated setup.py egg_info --egg-base build/map_maker build --build-base /home/nx/nx_ws/src/map_maker/build/map_maker/build install --record /home/nx/nx_ws/src/map_maker/build/map_maker/install.log --single-version-externally-managed install_data
[1.901s] running egg_info
[1.905s] writing build/map_maker/map_maker.egg-info/PKG-INFO
[1.905s] writing dependency_links to build/map_maker/map_maker.egg-info/dependency_links.txt
[1.906s] writing entry points to build/map_maker/map_maker.egg-info/entry_points.txt
[1.906s] writing requirements to build/map_maker/map_maker.egg-info/requires.txt
[1.906s] writing top-level names to build/map_maker/map_maker.egg-info/top_level.txt
[1.910s] reading manifest file 'build/map_maker/map_maker.egg-info/SOURCES.txt'
[1.911s] writing manifest file 'build/map_maker/map_maker.egg-info/SOURCES.txt'
[1.912s] running build
[1.912s] running build_py
[1.912s] running install
[1.913s] running install_lib
[1.915s] running install_data
[1.916s] copying launch/map_maker.launch.py -> /home/nx/nx_ws/src/map_maker/install/map_maker/share/map_maker/launch
[1.916s] running install_egg_info
[1.920s] removing '/home/nx/nx_ws/src/map_maker/install/map_maker/lib/python3.10/site-packages/map_maker-0.0.1-py3.10.egg-info' (and everything under it)
[1.920s] Copying build/map_maker/map_maker.egg-info to /home/nx/nx_ws/src/map_maker/install/map_maker/lib/python3.10/site-packages/map_maker-0.0.1-py3.10.egg-info
[1.922s] running install_scripts
[1.966s] Installing map_maker script to /home/nx/nx_ws/src/map_maker/install/map_maker/lib/map_maker
[1.966s] writing list of installed files to '/home/nx/nx_ws/src/map_maker/build/map_maker/install.log'
[2.034s] Invoked command in '/home/nx/nx_ws/src/map_maker' returned '0': PYTHONPATH=/home/nx/nx_ws/src/map_maker/build/map_maker/prefix_override:/usr/lib/python3/dist-packages/colcon_core/task/python/colcon_distutils_commands:/home/nx/nx_ws/src/map_maker/install/map_maker/lib/python3.10/site-packages:${PYTHONPATH} /usr/bin/python3 -W ignore:setup.py install is deprecated -W ignore:easy_install command is deprecated setup.py egg_info --egg-base build/map_maker build --build-base /home/nx/nx_ws/src/map_maker/build/map_maker/build install --record /home/nx/nx_ws/src/map_maker/build/map_maker/install.log --single-version-externally-managed install_data
