[0.207s] DEBUG:colcon:Command line arguments: ['/usr/bin/colcon', 'build']
[0.207s] DEBUG:colcon:Parsed command line arguments: Namespace(log_base=None, log_level=None, verb_name='build', build_base='build', install_base='install', merge_install=False, symlink_install=False, test_result_base=None, continue_on_error=False, executor='parallel', parallel_workers=8, event_handlers=None, ignore_user_meta=False, metas=['./colcon.meta'], base_paths=['.'], packages_ignore=None, packages_ignore_regex=None, paths=None, packages_up_to=None, packages_up_to_regex=None, packages_above=None, packages_above_and_dependencies=None, packages_above_depth=None, packages_select_by_dep=None, packages_skip_by_dep=None, packages_skip_up_to=None, packages_select_build_failed=False, packages_skip_build_finished=False, packages_select_test_failures=False, packages_skip_test_passed=False, packages_select=None, packages_skip=None, packages_select_regex=None, packages_skip_regex=None, packages_start=None, packages_end=None, allow_overriding=[], cmake_args=None, cmake_target=None, cmake_target_skip_unavailable=False, cmake_clean_cache=False, cmake_clean_first=False, cmake_force_configure=False, ament_cmake_args=None, catkin_cmake_args=None, catkin_skip_building_tests=False, verb_parser=<colcon_defaults.argument_parser.defaults.DefaultArgumentsDecorator object at 0xffffa2def5b0>, verb_extension=<colcon_core.verb.build.BuildVerb object at 0xffffa2dee590>, main=<bound method BuildVerb.main of <colcon_core.verb.build.BuildVerb object at 0xffffa2dee590>>)
[0.478s] Level 1:colcon.colcon_core.package_discovery:discover_packages(colcon_meta) check parameters
[0.478s] Level 1:colcon.colcon_core.package_discovery:discover_packages(recursive) check parameters
[0.478s] Level 1:colcon.colcon_core.package_discovery:discover_packages(ignore) check parameters
[0.478s] Level 1:colcon.colcon_core.package_discovery:discover_packages(path) check parameters
[0.478s] Level 1:colcon.colcon_core.package_discovery:discover_packages(colcon_meta) discover
[0.479s] Level 1:colcon.colcon_core.package_discovery:discover_packages(recursive) discover
[0.479s] INFO:colcon.colcon_core.package_discovery:Crawling recursively for packages in '/home/nx/nx_ws/src/vlm_node'
[0.479s] Level 1:colcon.colcon_core.package_identification:_identify(.) by extensions ['ignore', 'ignore_ament_install']
[0.479s] Level 1:colcon.colcon_core.package_identification:_identify(.) by extension 'ignore'
[0.479s] Level 1:colcon.colcon_core.package_identification:_identify(.) by extension 'ignore_ament_install'
[0.480s] Level 1:colcon.colcon_core.package_identification:_identify(.) by extensions ['colcon_pkg']
[0.480s] Level 1:colcon.colcon_core.package_identification:_identify(.) by extension 'colcon_pkg'
[0.480s] Level 1:colcon.colcon_core.package_identification:_identify(.) by extensions ['colcon_meta']
[0.480s] Level 1:colcon.colcon_core.package_identification:_identify(.) by extension 'colcon_meta'
[0.480s] Level 1:colcon.colcon_core.package_identification:_identify(.) by extensions ['ros']
[0.480s] Level 1:colcon.colcon_core.package_identification:_identify(.) by extension 'ros'
[0.506s] DEBUG:colcon.colcon_core.package_identification:Package '.' with type 'ros.ament_python' and name 'vlm_node'
[0.507s] Level 1:colcon.colcon_core.package_discovery:discover_packages(recursive) using defaults
[0.507s] Level 1:colcon.colcon_core.package_discovery:discover_packages(ignore) discover
[0.507s] Level 1:colcon.colcon_core.package_discovery:discover_packages(ignore) using defaults
[0.507s] Level 1:colcon.colcon_core.package_discovery:discover_packages(path) discover
[0.507s] Level 1:colcon.colcon_core.package_discovery:discover_packages(path) using defaults
[0.548s] Level 1:colcon.colcon_core.package_discovery:discover_packages(prefix_path) check parameters
[0.548s] Level 1:colcon.colcon_core.package_discovery:discover_packages(prefix_path) discover
[0.550s] Level 1:colcon.colcon_core.package_discovery:discover_packages(prefix_path) using defaults
[0.552s] Level 5:colcon.colcon_core.verb:set package 'vlm_node' build argument 'cmake_args' from command line to 'None'
[0.552s] Level 5:colcon.colcon_core.verb:set package 'vlm_node' build argument 'cmake_target' from command line to 'None'
[0.552s] Level 5:colcon.colcon_core.verb:set package 'vlm_node' build argument 'cmake_target_skip_unavailable' from command line to 'False'
[0.552s] Level 5:colcon.colcon_core.verb:set package 'vlm_node' build argument 'cmake_clean_cache' from command line to 'False'
[0.552s] Level 5:colcon.colcon_core.verb:set package 'vlm_node' build argument 'cmake_clean_first' from command line to 'False'
[0.553s] Level 5:colcon.colcon_core.verb:set package 'vlm_node' build argument 'cmake_force_configure' from command line to 'False'
[0.553s] Level 5:colcon.colcon_core.verb:set package 'vlm_node' build argument 'ament_cmake_args' from command line to 'None'
[0.553s] Level 5:colcon.colcon_core.verb:set package 'vlm_node' build argument 'catkin_cmake_args' from command line to 'None'
[0.553s] Level 5:colcon.colcon_core.verb:set package 'vlm_node' build argument 'catkin_skip_building_tests' from command line to 'False'
[0.553s] DEBUG:colcon.colcon_core.verb:Building package 'vlm_node' with the following arguments: {'ament_cmake_args': None, 'build_base': '/home/nx/nx_ws/src/vlm_node/build/vlm_node', 'catkin_cmake_args': None, 'catkin_skip_building_tests': False, 'cmake_args': None, 'cmake_clean_cache': False, 'cmake_clean_first': False, 'cmake_force_configure': False, 'cmake_target': None, 'cmake_target_skip_unavailable': False, 'install_base': '/home/nx/nx_ws/src/vlm_node/install/vlm_node', 'merge_install': False, 'path': '/home/nx/nx_ws/src/vlm_node', 'symlink_install': False, 'test_result_base': None}
[0.553s] INFO:colcon.colcon_core.executor:Executing jobs using 'parallel' executor
[0.555s] DEBUG:colcon.colcon_parallel_executor.executor.parallel:run_until_complete
[0.556s] INFO:colcon.colcon_ros.task.ament_python.build:Building ROS package in '/home/nx/nx_ws/src/vlm_node' with build type 'ament_python'
[0.556s] Level 1:colcon.colcon_core.shell:create_environment_hook('vlm_node', 'ament_prefix_path')
[0.560s] INFO:colcon.colcon_core.plugin_system:Skipping extension 'colcon_core.shell.bat': Not used on non-Windows systems
[0.560s] INFO:colcon.colcon_core.shell:Creating environment hook '/home/nx/nx_ws/src/vlm_node/install/vlm_node/share/vlm_node/hook/ament_prefix_path.ps1'
[0.562s] INFO:colcon.colcon_core.shell:Creating environment descriptor '/home/nx/nx_ws/src/vlm_node/install/vlm_node/share/vlm_node/hook/ament_prefix_path.dsv'
[0.563s] INFO:colcon.colcon_core.shell:Creating environment hook '/home/nx/nx_ws/src/vlm_node/install/vlm_node/share/vlm_node/hook/ament_prefix_path.sh'
[0.564s] INFO:colcon.colcon_core.shell:Skip shell extension 'powershell' for command environment: Not usable outside of PowerShell
[0.564s] DEBUG:colcon.colcon_core.shell:Skip shell extension 'dsv' for command environment
[1.006s] INFO:colcon.colcon_core.task.python.build:Building Python package in '/home/nx/nx_ws/src/vlm_node'
[1.006s] INFO:colcon.colcon_core.shell:Skip shell extension 'powershell' for command environment: Not usable outside of PowerShell
[1.006s] DEBUG:colcon.colcon_core.shell:Skip shell extension 'dsv' for command environment
[1.607s] DEBUG:colcon.colcon_core.event_handler.log_command:Invoking command in '/home/nx/nx_ws/src/vlm_node': PYTHONPATH=/home/nx/nx_ws/src/vlm_node/build/vlm_node/prefix_override:/usr/lib/python3/dist-packages/colcon_core/task/python/colcon_distutils_commands:/home/nx/nx_ws/src/vlm_node/install/vlm_node/lib/python3.10/site-packages: /usr/bin/python3 -W ignore:setup.py install is deprecated -W ignore:easy_install command is deprecated setup.py egg_info --egg-base build/vlm_node build --build-base /home/nx/nx_ws/src/vlm_node/build/vlm_node/build install --record /home/nx/nx_ws/src/vlm_node/build/vlm_node/install.log --single-version-externally-managed install_data
[2.121s] DEBUG:colcon.colcon_core.event_handler.log_command:Invoked command in '/home/nx/nx_ws/src/vlm_node' returned '0': PYTHONPATH=/home/nx/nx_ws/src/vlm_node/build/vlm_node/prefix_override:/usr/lib/python3/dist-packages/colcon_core/task/python/colcon_distutils_commands:/home/nx/nx_ws/src/vlm_node/install/vlm_node/lib/python3.10/site-packages: /usr/bin/python3 -W ignore:setup.py install is deprecated -W ignore:easy_install command is deprecated setup.py egg_info --egg-base build/vlm_node build --build-base /home/nx/nx_ws/src/vlm_node/build/vlm_node/build install --record /home/nx/nx_ws/src/vlm_node/build/vlm_node/install.log --single-version-externally-managed install_data
[2.129s] Level 1:colcon.colcon_core.environment:checking '/home/nx/nx_ws/src/vlm_node/install/vlm_node' for CMake module files
[2.130s] Level 1:colcon.colcon_core.environment:checking '/home/nx/nx_ws/src/vlm_node/install/vlm_node' for CMake config files
[2.133s] Level 1:colcon.colcon_core.environment:checking '/home/nx/nx_ws/src/vlm_node/install/vlm_node/lib'
[2.134s] Level 1:colcon.colcon_core.environment:checking '/home/nx/nx_ws/src/vlm_node/install/vlm_node/bin'
[2.134s] Level 1:colcon.colcon_core.shell:create_environment_hook('vlm_node', 'path')
[2.135s] INFO:colcon.colcon_core.shell:Creating environment hook '/home/nx/nx_ws/src/vlm_node/install/vlm_node/share/vlm_node/hook/path.ps1'
[2.137s] INFO:colcon.colcon_core.shell:Creating environment descriptor '/home/nx/nx_ws/src/vlm_node/install/vlm_node/share/vlm_node/hook/path.dsv'
[2.138s] INFO:colcon.colcon_core.shell:Creating environment hook '/home/nx/nx_ws/src/vlm_node/install/vlm_node/share/vlm_node/hook/path.sh'
[2.140s] Level 1:colcon.colcon_core.environment:checking '/home/nx/nx_ws/src/vlm_node/install/vlm_node/lib/pkgconfig/vlm_node.pc'
[2.141s] Level 1:colcon.colcon_core.environment:checking '/home/nx/nx_ws/src/vlm_node/install/vlm_node/lib/python3.10/site-packages'
[2.141s] Level 1:colcon.colcon_core.shell:create_environment_hook('vlm_node', 'pythonpath')
[2.142s] INFO:colcon.colcon_core.shell:Creating environment hook '/home/nx/nx_ws/src/vlm_node/install/vlm_node/share/vlm_node/hook/pythonpath.ps1'
[2.143s] INFO:colcon.colcon_core.shell:Creating environment descriptor '/home/nx/nx_ws/src/vlm_node/install/vlm_node/share/vlm_node/hook/pythonpath.dsv'
[2.144s] INFO:colcon.colcon_core.shell:Creating environment hook '/home/nx/nx_ws/src/vlm_node/install/vlm_node/share/vlm_node/hook/pythonpath.sh'
[2.146s] Level 1:colcon.colcon_core.environment:checking '/home/nx/nx_ws/src/vlm_node/install/vlm_node/bin'
[2.147s] Level 1:colcon.colcon_core.shell:create_environment_hook('vlm_node', 'pythonscriptspath')
[2.147s] INFO:colcon.colcon_core.shell:Creating environment hook '/home/nx/nx_ws/src/vlm_node/install/vlm_node/share/vlm_node/hook/pythonscriptspath.ps1'
[2.149s] INFO:colcon.colcon_core.shell:Creating environment descriptor '/home/nx/nx_ws/src/vlm_node/install/vlm_node/share/vlm_node/hook/pythonscriptspath.dsv'
[2.150s] INFO:colcon.colcon_core.shell:Creating environment hook '/home/nx/nx_ws/src/vlm_node/install/vlm_node/share/vlm_node/hook/pythonscriptspath.sh'
[2.152s] Level 1:colcon.colcon_core.environment:create_environment_scripts_only(vlm_node)
[2.153s] INFO:colcon.colcon_core.shell:Creating package script '/home/nx/nx_ws/src/vlm_node/install/vlm_node/share/vlm_node/package.ps1'
[2.157s] INFO:colcon.colcon_core.shell:Creating package descriptor '/home/nx/nx_ws/src/vlm_node/install/vlm_node/share/vlm_node/package.dsv'
[2.159s] INFO:colcon.colcon_core.shell:Creating package script '/home/nx/nx_ws/src/vlm_node/install/vlm_node/share/vlm_node/package.sh'
[2.162s] INFO:colcon.colcon_core.shell:Creating package script '/home/nx/nx_ws/src/vlm_node/install/vlm_node/share/vlm_node/package.bash'
[2.165s] INFO:colcon.colcon_core.shell:Creating package script '/home/nx/nx_ws/src/vlm_node/install/vlm_node/share/vlm_node/package.zsh'
[2.168s] Level 1:colcon.colcon_core.environment:create_file_with_runtime_dependencies(/home/nx/nx_ws/src/vlm_node/install/vlm_node/share/colcon-core/packages/vlm_node)
[2.169s] DEBUG:colcon.colcon_parallel_executor.executor.parallel:closing loop
[2.170s] DEBUG:colcon.colcon_parallel_executor.executor.parallel:loop closed
[2.170s] DEBUG:colcon.colcon_parallel_executor.executor.parallel:run_until_complete finished with '0'
[2.170s] DEBUG:colcon.colcon_core.event_reactor:joining thread
[2.187s] INFO:colcon.colcon_core.plugin_system:Skipping extension 'colcon_notification.desktop_notification.terminal_notifier': Not used on non-Darwin systems
[2.188s] INFO:colcon.colcon_core.plugin_system:Skipping extension 'colcon_notification.desktop_notification.win32': Not used on non-Windows systems
[2.188s] INFO:colcon.colcon_notification.desktop_notification:Sending desktop notification using 'notify2'
[2.230s] DEBUG:colcon.colcon_core.event_reactor:joined thread
[2.232s] INFO:colcon.colcon_core.shell:Creating prefix script '/home/nx/nx_ws/src/vlm_node/install/local_setup.ps1'
[2.236s] INFO:colcon.colcon_core.shell:Creating prefix util module '/home/nx/nx_ws/src/vlm_node/install/_local_setup_util_ps1.py'
[2.242s] INFO:colcon.colcon_core.shell:Creating prefix chain script '/home/nx/nx_ws/src/vlm_node/install/setup.ps1'
[2.245s] INFO:colcon.colcon_core.shell:Creating prefix script '/home/nx/nx_ws/src/vlm_node/install/local_setup.sh'
[2.248s] INFO:colcon.colcon_core.shell:Creating prefix util module '/home/nx/nx_ws/src/vlm_node/install/_local_setup_util_sh.py'
[2.250s] INFO:colcon.colcon_core.shell:Creating prefix chain script '/home/nx/nx_ws/src/vlm_node/install/setup.sh'
[2.253s] INFO:colcon.colcon_core.shell:Creating prefix script '/home/nx/nx_ws/src/vlm_node/install/local_setup.bash'
[2.255s] INFO:colcon.colcon_core.shell:Creating prefix chain script '/home/nx/nx_ws/src/vlm_node/install/setup.bash'
[2.258s] INFO:colcon.colcon_core.shell:Creating prefix script '/home/nx/nx_ws/src/vlm_node/install/local_setup.zsh'
[2.260s] INFO:colcon.colcon_core.shell:Creating prefix chain script '/home/nx/nx_ws/src/vlm_node/install/setup.zsh'
