[1.347s] Invoking command in '/home/nx/nx_ws/src/map_maker': PYTHONPATH=/home/nx/nx_ws/src/map_maker/build/map_maker/prefix_override:/usr/lib/python3/dist-packages/colcon_core/task/python/colcon_distutils_commands:/home/nx/nx_ws/src/map_maker/install/map_maker/lib/python3.10/site-packages:${PYTHONPATH} /usr/bin/python3 -W ignore:setup.py install is deprecated -W ignore:easy_install command is deprecated setup.py egg_info --egg-base build/map_maker build --build-base /home/nx/nx_ws/src/map_maker/build/map_maker/build install --record /home/nx/nx_ws/src/map_maker/build/map_maker/install.log --single-version-externally-managed
[1.859s] running egg_info
[1.860s] creating build/map_maker/map_maker.egg-info
[1.861s] writing build/map_maker/map_maker.egg-info/PKG-INFO
[1.861s] writing dependency_links to build/map_maker/map_maker.egg-info/dependency_links.txt
[1.862s] writing requirements to build/map_maker/map_maker.egg-info/requires.txt
[1.862s] writing top-level names to build/map_maker/map_maker.egg-info/top_level.txt
[1.862s] writing manifest file 'build/map_maker/map_maker.egg-info/SOURCES.txt'
[1.866s] reading manifest file 'build/map_maker/map_maker.egg-info/SOURCES.txt'
[1.867s] writing manifest file 'build/map_maker/map_maker.egg-info/SOURCES.txt'
[1.868s] running build
[1.868s] running build_py
[1.869s] creating /home/nx/nx_ws/src/map_maker/build/map_maker/build
[1.869s] creating /home/nx/nx_ws/src/map_maker/build/map_maker/build/lib
[1.869s] creating /home/nx/nx_ws/src/map_maker/build/map_maker/build/lib/map_maker
[1.869s] copying map_maker/map_maker.py -> /home/nx/nx_ws/src/map_maker/build/map_maker/build/lib/map_maker
[1.869s] copying map_maker/__init__.py -> /home/nx/nx_ws/src/map_maker/build/map_maker/build/lib/map_maker
[1.870s] running install
[1.870s] running install_lib
[1.874s] creating /home/nx/nx_ws/src/map_maker/install/map_maker/lib/python3.10/site-packages/map_maker
[1.874s] copying /home/nx/nx_ws/src/map_maker/build/map_maker/build/lib/map_maker/map_maker.py -> /home/nx/nx_ws/src/map_maker/install/map_maker/lib/python3.10/site-packages/map_maker
[1.875s] copying /home/nx/nx_ws/src/map_maker/build/map_maker/build/lib/map_maker/__init__.py -> /home/nx/nx_ws/src/map_maker/install/map_maker/lib/python3.10/site-packages/map_maker
[1.876s] byte-compiling /home/nx/nx_ws/src/map_maker/install/map_maker/lib/python3.10/site-packages/map_maker/map_maker.py to map_maker.cpython-310.pyc
[1.879s] byte-compiling /home/nx/nx_ws/src/map_maker/install/map_maker/lib/python3.10/site-packages/map_maker/__init__.py to __init__.cpython-310.pyc
[1.880s] running install_egg_info
[1.884s] Copying build/map_maker/map_maker.egg-info to /home/nx/nx_ws/src/map_maker/install/map_maker/lib/python3.10/site-packages/map_maker-0.0.1-py3.10.egg-info
[1.885s] running install_scripts
[1.928s] writing list of installed files to '/home/nx/nx_ws/src/map_maker/build/map_maker/install.log'
[1.998s] Invoked command in '/home/nx/nx_ws/src/map_maker' returned '0': PYTHONPATH=/home/nx/nx_ws/src/map_maker/build/map_maker/prefix_override:/usr/lib/python3/dist-packages/colcon_core/task/python/colcon_distutils_commands:/home/nx/nx_ws/src/map_maker/install/map_maker/lib/python3.10/site-packages:${PYTHONPATH} /usr/bin/python3 -W ignore:setup.py install is deprecated -W ignore:easy_install command is deprecated setup.py egg_info --egg-base build/map_maker build --build-base /home/nx/nx_ws/src/map_maker/build/map_maker/build install --record /home/nx/nx_ws/src/map_maker/build/map_maker/install.log --single-version-externally-managed
